2024/11/24 13:53:45 Starting server on :8080
2024/11/24 13:54:28 Failed request: invalid id parameter
2024/11/24 13:54:45 Unique requests in the last minute: 0
2024/11/24 13:55:45 Unique requests in the last minute: 0
2024/11/24 13:56:45 Unique requests in the last minute: 4
2024/11/24 13:57:45 Unique requests in the last minute: 0
2024/11/24 13:58:45 Unique requests in the last minute: 0
2024/11/24 13:59:45 Unique requests in the last minute: 0
2024/11/24 14:00:11 Endpoint request sent, response status: 200
2024/11/24 14:00:45 Unique requests in the last minute: 1
2024/11/24 14:01:32 Failed request: invalid id parameter
2024/11/24 14:01:32 Endpoint request sent, response status: 400
2024/11/24 14:01:45 Unique requests in the last minute: 1
2024/11/24 14:02:45 Unique requests in the last minute: 0
2024/11/24 14:03:59 Unique requests in the last minute: 0
2024/11/24 14:04:45 Unique requests in the last minute: 0
2024/11/24 14:05:45 Unique requests in the last minute: 0
2024/11/24 14:06:45 Unique requests in the last minute: 0
2024/11/24 14:07:45 Unique requests in the last minute: 0
2024/11/24 14:08:45 Unique requests in the last minute: 0
2024/11/24 14:09:45 Unique requests in the last minute: 0
2024/11/24 14:10:44 Unique requests in the last minute: 0
2024/11/24 14:11:44 Unique requests in the last minute: 1
2024/11/24 14:12:44 Unique requests in the last minute: 1
2024/11/24 14:13:44 Unique requests in the last minute: 0
2024/11/24 14:14:44 Unique requests in the last minute: 0
2024/11/24 14:15:44 Unique requests in the last minute: 0
2024/11/24 14:16:44 Unique requests in the last minute: 0
2024/11/24 14:17:44 Unique requests in the last minute: 1
2024/11/24 14:18:44 Unique requests in the last minute: 0
2024/11/24 14:19:44 Unique requests in the last minute: 0
2024/11/24 14:20:44 Unique requests in the last minute: 32756
2024/11/24 14:21:44 Unique requests in the last minute: 0
2024/11/24 14:22:44 Unique requests in the last minute: 0
2024/11/24 14:23:44 Unique requests in the last minute: 0
2024/11/24 14:24:44 Unique requests in the last minute: 0
2024/11/24 14:25:44 Unique requests in the last minute: 0
2024/11/24 14:26:44 Unique requests in the last minute: 0
2024/11/24 14:27:44 Unique requests in the last minute: 0
2024/11/24 14:28:44 Unique requests in the last minute: 0
2024/11/24 14:29:44 Unique requests in the last minute: 0
2024/11/24 14:30:44 Unique requests in the last minute: 0
2024/11/24 14:31:44 Unique requests in the last minute: 0
2024/11/24 14:32:44 Unique requests in the last minute: 0
2024/11/24 14:33:44 Unique requests in the last minute: 0
2024/11/24 14:34:44 Unique requests in the last minute: 0
2024/11/24 14:35:44 Unique requests in the last minute: 0
2024/11/24 14:36:44 Unique requests in the last minute: 0
2024/11/24 14:37:44 Unique requests in the last minute: 0
2024/11/24 14:38:44 Unique requests in the last minute: 0
2024/11/24 14:39:44 Unique requests in the last minute: 0
2024/11/24 14:40:44 Unique requests in the last minute: 0
2024/11/24 14:41:44 Unique requests in the last minute: 0
2024/11/24 14:42:44 Unique requests in the last minute: 0
2024/11/24 14:43:44 Unique requests in the last minute: 0
2024/11/24 14:44:44 Unique requests in the last minute: 0
2024/11/24 14:45:44 Unique requests in the last minute: 0
2024/11/24 14:46:44 Unique requests in the last minute: 0
2024/11/24 14:47:58 Unique requests in the last minute: 0
2024/11/24 14:48:44 Unique requests in the last minute: 0
2024/11/24 14:49:44 Unique requests in the last minute: 0
2024/11/24 14:50:44 Unique requests in the last minute: 0
2024/11/24 14:51:44 Unique requests in the last minute: 0
2024/11/24 14:52:44 Unique requests in the last minute: 0
2024/11/24 15:10:30 Unique requests in the last minute: 0
2024/11/24 15:10:59 Unique requests in the last minute: 0
2024/11/24 16:24:44 Unique requests in the last minute: 0
2024/11/24 16:25:44 Unique requests in the last minute: 0
2024/11/24 16:26:44 Unique requests in the last minute: 0
2024/11/24 16:27:44 Unique requests in the last minute: 0
2024/11/24 16:28:44 Unique requests in the last minute: 0
2024/11/24 16:29:39 Starting server on :8080
2024/11/24 16:30:20 POST request sent to https://www.google.com/, response status: 405
2024/11/24 16:30:39 Unique requests in the last minute: 1
2024/11/24 16:31:39 Unique requests in the last minute: 0
2024/11/24 16:31:52 Failed request: invalid id parameter
2024/11/24 16:32:38 Unique requests in the last minute: 0
2024/11/24 16:33:39 Unique requests in the last minute: 0
2024/11/24 16:34:39 Unique requests in the last minute: 0
2024/11/24 16:35:38 Unique requests in the last minute: 0
2024/11/24 16:36:37 Unique requests in the last minute: 0
2024/11/24 16:37:37 Unique requests in the last minute: 0
2024/11/24 16:38:36 Unique requests in the last minute: 0
2024/11/24 16:39:36 Unique requests in the last minute: 0
2024/11/24 16:40:36 Unique requests in the last minute: 0
2024/11/24 16:41:36 Unique requests in the last minute: 0
2024/11/24 16:42:36 Unique requests in the last minute: 0
2024/11/24 16:43:36 Unique requests in the last minute: 0
2024/11/24 16:44:36 Unique requests in the last minute: 0
2024/11/24 16:45:36 Unique requests in the last minute: 0
2024/11/24 16:46:36 Unique requests in the last minute: 0
2024/11/24 16:47:36 Unique requests in the last minute: 0
2024/11/24 16:48:36 Unique requests in the last minute: 0
2024/11/24 16:49:36 Unique requests in the last minute: 0
2024/11/24 16:50:35 Unique requests in the last minute: 0
2024/11/24 16:51:35 Unique requests in the last minute: 0
2024/11/24 16:52:35 Unique requests in the last minute: 0
2024/11/24 16:53:35 Unique requests in the last minute: 0
2024/11/24 16:54:34 Unique requests in the last minute: 0
2024/11/24 16:55:34 Unique requests in the last minute: 0
2024/11/24 16:56:34 Unique requests in the last minute: 0
2024/11/24 16:57:34 Unique requests in the last minute: 0
2024/11/24 16:58:34 Unique requests in the last minute: 0
2024/11/24 16:59:34 Unique requests in the last minute: 0
2024/11/24 17:00:34 Unique requests in the last minute: 0
2024/11/24 17:01:48 Unique requests in the last minute: 0
2024/11/24 17:02:34 Unique requests in the last minute: 0
2024/11/24 17:03:33 Unique requests in the last minute: 0
2024/11/24 17:04:33 Unique requests in the last minute: 0
2024/11/24 17:05:33 Unique requests in the last minute: 0
2024/11/24 17:06:33 Unique requests in the last minute: 0
2024/11/24 17:07:33 Unique requests in the last minute: 0
2024/11/24 17:08:33 Unique requests in the last minute: 0
2024/11/24 17:09:33 Unique requests in the last minute: 0
2024/11/24 17:10:33 Unique requests in the last minute: 0
2024/11/24 17:11:33 Unique requests in the last minute: 0
2024/11/24 17:12:33 Unique requests in the last minute: 0
2024/11/24 17:13:33 Unique requests in the last minute: 0
2024/11/24 17:14:33 Unique requests in the last minute: 0
2024/11/24 17:15:33 Unique requests in the last minute: 0
2024/11/24 17:16:33 Unique requests in the last minute: 0
2024/11/24 17:17:33 Unique requests in the last minute: 0
2024/11/24 17:18:33 Unique requests in the last minute: 0
2024/11/24 17:19:33 Unique requests in the last minute: 0
2024/11/24 17:20:33 Unique requests in the last minute: 0
2024/11/24 17:21:33 Unique requests in the last minute: 0
2024/11/24 17:22:33 Unique requests in the last minute: 0
2024/11/24 17:23:33 Unique requests in the last minute: 0
2024/11/24 17:24:33 Unique requests in the last minute: 0
2024/11/24 17:25:33 Unique requests in the last minute: 0
2024/11/24 17:26:33 Unique requests in the last minute: 0
2024/11/24 17:27:33 Unique requests in the last minute: 0
2024/11/24 17:28:32 Unique requests in the last minute: 0
2024/11/24 17:29:32 Unique requests in the last minute: 0
2024/11/24 17:30:32 Unique requests in the last minute: 0
2024/11/24 17:31:32 Unique requests in the last minute: 0
2024/11/24 17:32:32 Unique requests in the last minute: 0
2024/11/24 17:33:47 Unique requests in the last minute: 0
2024/11/24 17:34:32 Unique requests in the last minute: 0
2024/11/24 17:35:32 Unique requests in the last minute: 0
2024/11/24 17:36:32 Unique requests in the last minute: 0
2024/11/24 17:42:56 Starting server on :8080
2024/11/24 17:43:15 Unique ID added: 1
2024/11/24 17:43:56 Unique requests in the last minute: 1
2024/11/24 17:44:56 Unique requests in the last minute: 0
2024/11/24 17:45:08 Unique ID added: 1
2024/11/24 17:45:56 Unique requests in the last minute: 1
2024/11/24 17:46:41 Unique ID added: 1
2024/11/24 17:46:47 Unique ID added: 2
2024/11/24 17:46:56 Unique requests in the last minute: 2
2024/11/24 17:47:56 Unique requests in the last minute: 0
2024/11/24 17:48:56 Unique requests in the last minute: 0
2024/11/24 17:49:56 Unique requests in the last minute: 0
2024/11/24 17:50:56 Unique requests in the last minute: 0
2024/11/24 17:51:13 Unique ID added: 2
2024/11/24 17:51:14 Duplicate ID detected: 2
2024/11/24 17:51:56 Unique requests in the last minute: 1
2024/11/24 17:52:56 Unique requests in the last minute: 0
2024/11/24 17:53:56 Unique requests in the last minute: 0
